==24164== Memcheck, a memory error detector
==24164== Copyright (C) 2002-2017, and GNU GPL'd, by Julian Seward et al.
==24164== Using Valgrind-3.18.1 and LibVEX; rerun with -h for copyright info
==24164== Command: hopscotchHashing4
==24164== Parent PID: 24091
==24164== 
==24164== Conditional jump or move depends on uninitialised value(s)
==24164==    at 0x484EE87: strcpy (in /usr/libexec/valgrind/vgpreload_memcheck-amd64-linux.so)
==24164==    by 0x109631: add (hopscotchHashing4.c:51)
==24164==    by 0x109F89: main (hopscotchHashing4.c:151)
==24164== 
==24164== Conditional jump or move depends on uninitialised value(s)
==24164==    at 0x484B235: free (in /usr/libexec/valgrind/vgpreload_memcheck-amd64-linux.so)
==24164==    by 0x109C94: deleteall (hopscotchHashing4.c:111)
==24164==    by 0x109FBB: main (hopscotchHashing4.c:160)
==24164== 
==24164== Invalid free() / delete / delete[] / realloc()
==24164==    at 0x484B27F: free (in /usr/libexec/valgrind/vgpreload_memcheck-amd64-linux.so)
==24164==    by 0x109C94: deleteall (hopscotchHashing4.c:111)
==24164==    by 0x109FBB: main (hopscotchHashing4.c:160)
==24164==  Address 0x5000 is not stack'd, malloc'd or (recently) free'd
==24164== 
==24164== 
==24164== HEAP SUMMARY:
==24164==     in use at exit: 10,000 bytes in 1 blocks
==24164==   total heap usage: 102 allocs, 317 frees, 1,011,024 bytes allocated
==24164== 
==24164== 10,000 bytes in 1 blocks are definitely lost in loss record 1 of 1
==24164==    at 0x4848899: malloc (in /usr/libexec/valgrind/vgpreload_memcheck-amd64-linux.so)
==24164==    by 0x1095B2: add (hopscotchHashing4.c:50)
==24164==    by 0x109FD6: main (hopscotchHashing4.c:161)
==24164== 
==24164== LEAK SUMMARY:
==24164==    definitely lost: 10,000 bytes in 1 blocks
==24164==    indirectly lost: 0 bytes in 0 blocks
==24164==      possibly lost: 0 bytes in 0 blocks
==24164==    still reachable: 0 bytes in 0 blocks
==24164==         suppressed: 0 bytes in 0 blocks
==24164== 
==24164== Use --track-origins=yes to see where uninitialised values come from
==24164== For lists of detected and suppressed errors, rerun with: -s
==24164== ERROR SUMMARY: 10217 errors from 4 contexts (suppressed: 0 from 0)
